<?xml version="1.0" encoding="UTF-8"?>
<testng-results ignored="0" total="1" passed="1" failed="0" skipped="0">
  <reporter-output>
  </reporter-output>
  <suite started-at="2024-01-10T15:31:09Z" name="Default suite" finished-at="2024-01-10T15:31:20Z" duration-ms="11086">
    <groups>
    </groups>
    <test started-at="2024-01-10T15:31:09Z" name="Default test" finished-at="2024-01-10T15:31:20Z" duration-ms="11086">
      <class name="com.SwaglabDemo.testcases.TC_001">
        <test-method is-config="true" signature="setup()[pri:0, instance:com.SwaglabDemo.testcases.TC_001@7f0d96f2]" started-at="2024-01-10T15:31:09Z" name="setup" finished-at="2024-01-10T15:31:16Z" duration-ms="7702" status="PASS">
          <reporter-output>
          </reporter-output>
        </test-method> <!-- setup -->
        <test-method signature="LoginTest()[pri:0, instance:com.SwaglabDemo.testcases.TC_001@7f0d96f2]" started-at="2024-01-10T15:31:16Z" name="LoginTest" finished-at="2024-01-10T15:31:19Z" duration-ms="2923" status="PASS">
          <reporter-output>
          </reporter-output>
        </test-method> <!-- LoginTest -->
        <test-method is-config="true" signature="teardown()[pri:0, instance:com.SwaglabDemo.testcases.TC_001@7f0d96f2]" started-at="2024-01-10T15:31:19Z" name="teardown" finished-at="2024-01-10T15:31:20Z" duration-ms="429" status="PASS">
          <reporter-output>
          </reporter-output>
        </test-method> <!-- teardown -->
      </class> <!-- com.SwaglabDemo.testcases.TC_001 -->
    </test> <!-- Default test -->
  </suite> <!-- Default suite -->
</testng-results>
