<?xml version="1.0" encoding="UTF-8"?>
<testsuite xmlns:xsi="http://www.w3.org/2001/XMLSchema-instance" xsi:noNamespaceSchemaLocation="https://maven.apache.org/surefire/maven-surefire-plugin/xsd/surefire-test-report-3.0.xsd" version="3.0" name="TestSuite" time="56.87" tests="3" errors="0" skipped="2" failures="1">
  <properties>
[...]
</properties>
  <testcase name="setup" classname="com.SwaglabDemo.testcases.TC_001" time="54.572">
    <failure message="session not created: This version of ChromeDriver only supports Chrome version 114&#10;Current browser version is 116.0.5845.111 with binary path C:\Program Files\Google\Chrome\Application\chrome.exe&#10;Build info: version: &apos;3.141.59&apos;, revision: &apos;e82be7d358&apos;, time: &apos;2018-11-14T08:17:03&apos;&#10;System info: host: &apos;DESKTOP-20HAT1N&apos;, ip: &apos;192.168.48.154&apos;, os.name: &apos;Windows 10&apos;, os.arch: &apos;amd64&apos;, os.version: &apos;10.0&apos;, java.version: &apos;17.0.7&apos;&#10;Driver info: driver.version: ChromeDriver&#10;remote stacktrace: Backtrace:&#10;	GetHandleVerifier [0x00A3A813+48355]&#10;	(No symbol) [0x009CC4B1]&#10;	(No symbol) [0x008D5358]&#10;	(No symbol) [0x008F61AC]&#10;	(No symbol) [0x008F1EF3]&#10;	(No symbol) [0x008F0579]&#10;	(No symbol) [0x00920C55]&#10;	(No symbol) [0x0092093C]&#10;	(No symbol) [0x0091A536]&#10;	(No symbol) [0x008F82DC]&#10;	(No symbol) [0x008F93DD]&#10;	GetHandleVerifier [0x00C9AABD+2539405]&#10;	GetHandleVerifier [0x00CDA78F+2800735]&#10;	GetHandleVerifier [0x00CD456C+2775612]&#10;	GetHandleVerifier [0x00AC51E0+616112]&#10;	(No symbol) [0x009D5F8C]&#10;	(No symbol) [0x009D2328]&#10;	(No symbol) [0x009D240B]&#10;	(No symbol) [0x009C4FF7]&#10;	BaseThreadInitThunk [0x757900C9+25]&#10;	RtlGetAppContainerNamedObjectPath [0x77357B1E+286]&#10;	RtlGetAppContainerNamedObjectPath [0x77357AEE+238]&#10;" type="org.openqa.selenium.SessionNotCreatedException"><![CDATA[org.openqa.selenium.SessionNotCreatedException: 
session not created: This version of ChromeDriver only supports Chrome version 114
Current browser version is 116.0.5845.111 with binary path C:\Program Files\Google\Chrome\Application\chrome.exe
Build info: version: '3.141.59', revision: 'e82be7d358', time: '2018-11-14T08:17:03'
System info: host: 'DESKTOP-20HAT1N', ip: '192.168.48.154', os.name: 'Windows 10', os.arch: 'amd64', os.version: '10.0', java.version: '17.0.7'
Driver info: driver.version: ChromeDriver
remote stacktrace: Backtrace:
	GetHandleVerifier [0x00A3A813+48355]
	(No symbol) [0x009CC4B1]
	(No symbol) [0x008D5358]
	(No symbol) [0x008F61AC]
	(No symbol) [0x008F1EF3]
	(No symbol) [0x008F0579]
	(No symbol) [0x00920C55]
	(No symbol) [0x0092093C]
	(No symbol) [0x0091A536]
	(No symbol) [0x008F82DC]
	(No symbol) [0x008F93DD]
	GetHandleVerifier [0x00C9AABD+2539405]
	GetHandleVerifier [0x00CDA78F+2800735]
	GetHandleVerifier [0x00CD456C+2775612]
	GetHandleVerifier [0x00AC51E0+616112]
	(No symbol) [0x009D5F8C]
	(No symbol) [0x009D2328]
	(No symbol) [0x009D240B]
	(No symbol) [0x009C4FF7]
	BaseThreadInitThunk [0x757900C9+25]
	RtlGetAppContainerNamedObjectPath [0x77357B1E+286]
	RtlGetAppContainerNamedObjectPath [0x77357AEE+238]

	at java.base/jdk.internal.reflect.NativeConstructorAccessorImpl.newInstance0(Native Method)
	at java.base/jdk.internal.reflect.NativeConstructorAccessorImpl.newInstance(NativeConstructorAccessorImpl.java:77)
	at java.base/jdk.internal.reflect.DelegatingConstructorAccessorImpl.newInstance(DelegatingConstructorAccessorImpl.java:45)
	at java.base/java.lang.reflect.Constructor.newInstanceWithCaller(Constructor.java:499)
	at java.base/java.lang.reflect.Constructor.newInstance(Constructor.java:480)
	at org.openqa.selenium.remote.W3CHandshakeResponse.lambda$errorHandler$0(W3CHandshakeResponse.java:62)
	at org.openqa.selenium.remote.HandshakeResponse.lambda$getResponseFunction$0(HandshakeResponse.java:30)
	at org.openqa.selenium.remote.ProtocolHandshake.lambda$createSession$0(ProtocolHandshake.java:126)
	at java.base/java.util.stream.ReferencePipeline$3$1.accept(ReferencePipeline.java:197)
	at java.base/java.util.Spliterators$ArraySpliterator.tryAdvance(Spliterators.java:1002)
	at java.base/java.util.stream.ReferencePipeline.forEachWithCancel(ReferencePipeline.java:129)
	at java.base/java.util.stream.AbstractPipeline.copyIntoWithCancel(AbstractPipeline.java:527)
	at java.base/java.util.stream.AbstractPipeline.copyInto(AbstractPipeline.java:513)
	at java.base/java.util.stream.AbstractPipeline.wrapAndCopyInto(AbstractPipeline.java:499)
	at java.base/java.util.stream.FindOps$FindOp.evaluateSequential(FindOps.java:150)
	at java.base/java.util.stream.AbstractPipeline.evaluate(AbstractPipeline.java:234)
	at java.base/java.util.stream.ReferencePipeline.findFirst(ReferencePipeline.java:647)
	at org.openqa.selenium.remote.ProtocolHandshake.createSession(ProtocolHandshake.java:128)
	at org.openqa.selenium.remote.ProtocolHandshake.createSession(ProtocolHandshake.java:74)
	at org.openqa.selenium.remote.HttpCommandExecutor.execute(HttpCommandExecutor.java:136)
	at org.openqa.selenium.remote.service.DriverCommandExecutor.execute(DriverCommandExecutor.java:83)
	at org.openqa.selenium.remote.RemoteWebDriver.execute(RemoteWebDriver.java:552)
	at org.openqa.selenium.remote.RemoteWebDriver.startSession(RemoteWebDriver.java:213)
	at org.openqa.selenium.remote.RemoteWebDriver.<init>(RemoteWebDriver.java:131)
	at org.openqa.selenium.chrome.ChromeDriver.<init>(ChromeDriver.java:181)
	at org.openqa.selenium.chrome.ChromeDriver.<init>(ChromeDriver.java:168)
	at org.openqa.selenium.chrome.ChromeDriver.<init>(ChromeDriver.java:123)
	at com.SwaglabDemo.pageobjects.BaseClass.setup(BaseClass.java:43)
	at java.base/jdk.internal.reflect.NativeMethodAccessorImpl.invoke0(Native Method)
	at java.base/jdk.internal.reflect.NativeMethodAccessorImpl.invoke(NativeMethodAccessorImpl.java:77)
	at java.base/jdk.internal.reflect.DelegatingMethodAccessorImpl.invoke(DelegatingMethodAccessorImpl.java:43)
	at java.base/java.lang.reflect.Method.invoke(Method.java:568)
	at org.testng.internal.invokers.MethodInvocationHelper.invokeMethod(MethodInvocationHelper.java:139)
	at org.testng.internal.invokers.MethodInvocationHelper.invokeMethodConsideringTimeout(MethodInvocationHelper.java:69)
	at org.testng.internal.invokers.ConfigInvoker.invokeConfigurationMethod(ConfigInvoker.java:390)
	at org.testng.internal.invokers.ConfigInvoker.invokeConfigurations(ConfigInvoker.java:325)
	at org.testng.internal.invokers.TestMethodWorker.invokeBeforeClassMethods(TestMethodWorker.java:180)
	at org.testng.internal.invokers.TestMethodWorker.run(TestMethodWorker.java:122)
	at java.base/java.util.ArrayList.forEach(ArrayList.java:1511)
	at org.testng.TestRunner.privateRun(TestRunner.java:848)
	at org.testng.TestRunner.run(TestRunner.java:621)
	at org.testng.SuiteRunner.runTest(SuiteRunner.java:443)
	at org.testng.SuiteRunner.runSequentially(SuiteRunner.java:437)
	at org.testng.SuiteRunner.privateRun(SuiteRunner.java:397)
	at org.testng.SuiteRunner.run(SuiteRunner.java:336)
	at org.testng.SuiteRunnerWorker.runSuite(SuiteRunnerWorker.java:52)
	at org.testng.SuiteRunnerWorker.run(SuiteRunnerWorker.java:95)
	at org.testng.TestNG.runSuitesSequentially(TestNG.java:1280)
	at org.testng.TestNG.runSuitesLocally(TestNG.java:1200)
	at org.testng.TestNG.runSuites(TestNG.java:1114)
	at org.testng.TestNG.run(TestNG.java:1082)
	at org.apache.maven.surefire.testng.TestNGExecutor.run(TestNGExecutor.java:324)
	at org.apache.maven.surefire.testng.TestNGXmlTestSuite.execute(TestNGXmlTestSuite.java:74)
	at org.apache.maven.surefire.testng.TestNGProvider.invoke(TestNGProvider.java:123)
	at org.apache.maven.surefire.booter.ForkedBooter.runSuitesInProcess(ForkedBooter.java:456)
	at org.apache.maven.surefire.booter.ForkedBooter.execute(ForkedBooter.java:169)
	at org.apache.maven.surefire.booter.ForkedBooter.run(ForkedBooter.java:595)
	at org.apache.maven.surefire.booter.ForkedBooter.main(ForkedBooter.java:581)
]]></failure>
    <system-err><![CDATA[SLF4J: Failed to load class "org.slf4j.impl.StaticLoggerBinder".
SLF4J: Defaulting to no-operation (NOP) logger implementation
SLF4J: See http://www.slf4j.org/codes.html#StaticLoggerBinder for further details.
Starting ChromeDriver 114.0.5735.90 (386bc09e8f4f2e025eddae123f36f6263096ae49-refs/branch-heads/5735@{#1052}) on port 27426
Only local connections are allowed.
Please see https://chromedriver.chromium.org/security-considerations for suggestions on keeping ChromeDriver safe.
ChromeDriver was started successfully.
]]></system-err>
  </testcase>
  <testcase name="LoginTest" classname="com.SwaglabDemo.testcases.TC_001" time="0">
    <skipped message="session not created: This version of ChromeDriver only supports Chrome version 114&#10;Current browser version is 116.0.5845.111 with binary path C:\Program Files\Google\Chrome\Application\chrome.exe&#10;Build info: version: &apos;3.141.59&apos;, revision: &apos;e82be7d358&apos;, time: &apos;2018-11-14T08:17:03&apos;&#10;System info: host: &apos;DESKTOP-20HAT1N&apos;, ip: &apos;192.168.48.154&apos;, os.name: &apos;Windows 10&apos;, os.arch: &apos;amd64&apos;, os.version: &apos;10.0&apos;, java.version: &apos;17.0.7&apos;&#10;Driver info: driver.version: ChromeDriver&#10;remote stacktrace: Backtrace:&#10;	GetHandleVerifier [0x00A3A813+48355]&#10;	(No symbol) [0x009CC4B1]&#10;	(No symbol) [0x008D5358]&#10;	(No symbol) [0x008F61AC]&#10;	(No symbol) [0x008F1EF3]&#10;	(No symbol) [0x008F0579]&#10;	(No symbol) [0x00920C55]&#10;	(No symbol) [0x0092093C]&#10;	(No symbol) [0x0091A536]&#10;	(No symbol) [0x008F82DC]&#10;	(No symbol) [0x008F93DD]&#10;	GetHandleVerifier [0x00C9AABD+2539405]&#10;	GetHandleVerifier [0x00CDA78F+2800735]&#10;	GetHandleVerifier [0x00CD456C+2775612]&#10;	GetHandleVerifier [0x00AC51E0+616112]&#10;	(No symbol) [0x009D5F8C]&#10;	(No symbol) [0x009D2328]&#10;	(No symbol) [0x009D240B]&#10;	(No symbol) [0x009C4FF7]&#10;	BaseThreadInitThunk [0x757900C9+25]&#10;	RtlGetAppContainerNamedObjectPath [0x77357B1E+286]&#10;	RtlGetAppContainerNamedObjectPath [0x77357AEE+238]&#10;"/>
  </testcase>
  <testcase name="teardown" classname="com.SwaglabDemo.testcases.TC_001" time="0">
    <skipped/>
  </testcase>
</testsuite>